<?xml version="1.0" encoding="UTF-8"?>
<!-- Generated by org.testng.reporters.JUnitReportReporter -->
<testsuite hostname="Lokesh" name="sample.Basic" tests="1" failures="0" timestamp="15 Sep 2023 04:11:11 GMT" time="23.026" errors="0">
  <testcase name="f" time="23.026" classname="sample.Basic"/>
</testsuite> <!-- sample.Basic -->
