<?xml version="1.0" encoding="UTF-8"?>
<!-- Generated by org.testng.reporters.JUnitReportReporter -->
<testsuite hostname="Lokesh" name="sample.NewTest" tests="1" failures="0" timestamp="11 Sep 2023 04:16:24 GMT" time="26.949" errors="0">
  <testcase name="f" time="26.949" classname="sample.NewTest"/>
</testsuite> <!-- sample.NewTest -->
