<?xml version="1.0" encoding="UTF-8"?>
<!-- Generated by org.testng.reporters.JUnitReportReporter -->
<testsuite hostname="Lokesh" name="sample.Methodss" tests="2" failures="0" timestamp="15 Sep 2023 04:11:11 GMT" time="0.003" errors="0">
  <testcase name="reg" time="0.002" classname="sample.Methodss"/>
  <testcase name="login" time="0.001" classname="sample.Methodss"/>
</testsuite> <!-- sample.Methodss -->
