<?xml version="1.0" encoding="UTF-8"?>
<!-- Generated by org.testng.reporters.JUnitReportReporter -->
<testsuite hostname="Lokesh" name="sample.SampleAssert" tests="1" failures="0" timestamp="15 Sep 2023 04:26:41 GMT" time="13.454" errors="0">
  <testcase name="login" time="13.454" classname="sample.SampleAssert"/>
</testsuite> <!-- sample.SampleAssert -->
